# JRE version: Java(TM) SE Runtime Environment (19.0.2+7) (build 19.0.2+7-44)
# Java VM: Java HotSpot(TM) 64-Bit Server VM (19.0.2+7-44, mixed mode, emulated-client, sharing, tiered, compressed oops, compressed class ptrs, g1 gc, windows-amd64)
GC Precious Log:
 CardTable entry size: 512
 Card Set container configuration: InlinePtr #cards 5 size 8 Array Of Cards #cards 12 size 40 Howl #buckets 4 coarsen threshold 1843 Howl Bitmap #cards 512 size 80 coarsen threshold 460 Card regions per heap region 1 cards per card region 2048
 CPUs: 4 total, 4 available
 Memory: 8062M
 Large Page Support: Disabled
 NUMA Support: Disabled
 Compressed Oops: Enabled (32-bit)
 Heap Region Size: 1M
 Heap Min Capacity: 8M
 Heap Initial Capacity: 126M
 Heap Max Capacity: 2016M
 Pre-touch: Disabled
 Parallel Workers: 4
 Concurrent Workers: 1
 Concurrent Refinement Workers: 4
 Periodic GC: Disabled
Heap:
 garbage-first heap   total 56320K, used 39203K [0x0000000082000000, 0x0000000100000000)
  region size 1024K, 16 young (16384K), 2 survivors (2048K)
 Metaspace       used 70185K, committed 70784K, reserved 1114112K
  class space    used 9426K, committed 9728K, reserved 1048576K
GC Heap History (20 events):
Event: 4.460 GC heap before
{Heap before GC invocations=8 (full 0):
 garbage-first heap   total 56320K, used 21791K [0x0000000082000000, 0x0000000100000000)
  region size 1024K, 7 young (7168K), 4 survivors (4096K)
 Metaspace       used 35645K, committed 36096K, reserved 1114112K
  class space    used 4644K, committed 4864K, reserved 1048576K
}
Event: 4.463 GC heap after
{Heap after GC invocations=9 (full 0):
 garbage-first heap   total 56320K, used 20174K [0x0000000082000000, 0x0000000100000000)
  region size 1024K, 1 young (1024K), 1 survivors (1024K)
 Metaspace       used 35645K, committed 36096K, reserved 1114112K
  class space    used 4644K, committed 4864K, reserved 1048576K
}
Event: 4.864 GC heap before
{Heap before GC invocations=10 (full 0):
 garbage-first heap   total 56320K, used 40654K [0x0000000082000000, 0x0000000100000000)
  region size 1024K, 22 young (22528K), 1 survivors (1024K)
 Metaspace       used 38122K, committed 38656K, reserved 1114112K
  class space    used 4961K, committed 5184K, reserved 1048576K
}
Event: 4.867 GC heap after
{Heap after GC invocations=11 (full 0):
 garbage-first heap   total 56320K, used 21428K [0x0000000082000000, 0x0000000100000000)
  region size 1024K, 2 young (2048K), 2 survivors (2048K)
 Metaspace       used 38122K, committed 38656K, reserved 1114112K
  class space    used 4961K, committed 5184K, reserved 1048576K
}
Event: 4.888 GC heap before
{Heap before GC invocations=11 (full 0):
 garbage-first heap   total 56320K, used 22452K [0x0000000082000000, 0x0000000100000000)
  region size 1024K, 3 young (3072K), 2 survivors (2048K)
 Metaspace       used 38489K, committed 39040K, reserved 1114112K
  class space    used 4983K, committed 5248K, reserved 1048576K
}
Event: 4.890 GC heap after
{Heap after GC invocations=12 (full 0):
 garbage-first heap   total 56320K, used 21129K [0x0000000082000000, 0x0000000100000000)
  region size 1024K, 1 young (1024K), 1 survivors (1024K)
 Metaspace       used 38489K, committed 39040K, reserved 1114112K
  class space    used 4983K, committed 5248K, reserved 1048576K
}
Event: 5.332 GC heap before
{Heap before GC invocations=12 (full 0):
 garbage-first heap   total 56320K, used 40585K [0x0000000082000000, 0x0000000100000000)
  region size 1024K, 21 young (21504K), 1 survivors (1024K)
 Metaspace       used 43077K, committed 43584K, reserved 1114112K
  class space    used 5673K, committed 5888K, reserved 1048576K
}
Event: 5.334 GC heap after
{Heap after GC invocations=13 (full 0):
 garbage-first heap   total 56320K, used 21673K [0x0000000082000000, 0x0000000100000000)
  region size 1024K, 1 young (1024K), 1 survivors (1024K)
 Metaspace       used 43077K, committed 43584K, reserved 1114112K
  class space    used 5673K, committed 5888K, reserved 1048576K
}
Event: 5.907 GC heap before
{Heap before GC invocations=13 (full 0):
 garbage-first heap   total 56320K, used 42153K [0x0000000082000000, 0x0000000100000000)
  region size 1024K, 22 young (22528K), 1 survivors (1024K)
 Metaspace       used 50625K, committed 51136K, reserved 1114112K
  class space    used 6624K, committed 6848K, reserved 1048576K
}
Event: 5.910 GC heap after
{Heap after GC invocations=14 (full 0):
 garbage-first heap   total 56320K, used 23269K [0x0000000082000000, 0x0000000100000000)
  region size 1024K, 3 young (3072K), 3 survivors (3072K)
 Metaspace       used 50625K, committed 51136K, reserved 1114112K
  class space    used 6624K, committed 6848K, reserved 1048576K
}
Event: 6.384 GC heap before
{Heap before GC invocations=14 (full 0):
 garbage-first heap   total 56320K, used 43749K [0x0000000082000000, 0x0000000100000000)
  region size 1024K, 23 young (23552K), 3 survivors (3072K)
 Metaspace       used 54829K, committed 55360K, reserved 1114112K
  class space    used 7170K, committed 7424K, reserved 1048576K
}
Event: 6.387 GC heap after
{Heap after GC invocations=15 (full 0):
 garbage-first heap   total 56320K, used 24425K [0x0000000082000000, 0x0000000100000000)
  region size 1024K, 2 young (2048K), 2 survivors (2048K)
 Metaspace       used 54829K, committed 55360K, reserved 1114112K
  class space    used 7170K, committed 7424K, reserved 1048576K
}
Event: 6.767 GC heap before
{Heap before GC invocations=15 (full 0):
 garbage-first heap   total 56320K, used 43881K [0x0000000082000000, 0x0000000100000000)
  region size 1024K, 21 young (21504K), 2 survivors (2048K)
 Metaspace       used 59154K, committed 59712K, reserved 1114112K
  class space    used 7836K, committed 8128K, reserved 1048576K
}
Event: 6.769 GC heap after
{Heap after GC invocations=16 (full 0):
 garbage-first heap   total 56320K, used 25041K [0x0000000082000000, 0x0000000100000000)
  region size 1024K, 2 young (2048K), 2 survivors (2048K)
 Metaspace       used 59154K, committed 59712K, reserved 1114112K
  class space    used 7836K, committed 8128K, reserved 1048576K
}
Event: 6.840 GC heap before
{Heap before GC invocations=16 (full 0):
 garbage-first heap   total 56320K, used 28113K [0x0000000082000000, 0x0000000100000000)
  region size 1024K, 6 young (6144K), 2 survivors (2048K)
 Metaspace       used 60031K, committed 60608K, reserved 1114112K
  class space    used 7878K, committed 8192K, reserved 1048576K
}
Event: 6.843 GC heap after
{Heap after GC invocations=17 (full 0):
 garbage-first heap   total 56320K, used 25426K [0x0000000082000000, 0x0000000100000000)
  region size 1024K, 2 young (2048K), 2 survivors (2048K)
 Metaspace       used 60031K, committed 60608K, reserved 1114112K
  class space    used 7878K, committed 8192K, reserved 1048576K
}
Event: 7.284 GC heap before
{Heap before GC invocations=18 (full 0):
 garbage-first heap   total 56320K, used 44882K [0x0000000082000000, 0x0000000100000000)
  region size 1024K, 21 young (21504K), 2 survivors (2048K)
 Metaspace       used 63461K, committed 64128K, reserved 1114112K
  class space    used 8529K, committed 8832K, reserved 1048576K
}
Event: 7.286 GC heap after
{Heap after GC invocations=19 (full 0):
 garbage-first heap   total 56320K, used 25956K [0x0000000082000000, 0x0000000100000000)
  region size 1024K, 2 young (2048K), 2 survivors (2048K)
 Metaspace       used 63461K, committed 64128K, reserved 1114112K
  class space    used 8529K, committed 8832K, reserved 1048576K
}
Event: 8.804 GC heap before
{Heap before GC invocations=19 (full 0):
 garbage-first heap   total 56320K, used 45412K [0x0000000082000000, 0x0000000100000000)
  region size 1024K, 21 young (21504K), 2 survivors (2048K)
 Metaspace       used 67278K, committed 67968K, reserved 1114112K
  class space    used 9026K, committed 9344K, reserved 1048576K
}
Event: 8.808 GC heap after
{Heap after GC invocations=20 (full 0):
 garbage-first heap   total 56320K, used 26915K [0x0000000082000000, 0x0000000100000000)
  region size 1024K, 2 young (2048K), 2 survivors (2048K)
 Metaspace       used 67278K, committed 67968K, reserved 1114112K
  class space    used 9026K, committed 9344K, reserved 1048576K
}

