# JRE version: Java(TM) SE Runtime Environment (19.0.2+7) (build 19.0.2+7-44)
# Java VM: Java HotSpot(TM) 64-Bit Server VM (19.0.2+7-44, mixed mode, sharing, tiered, compressed oops, compressed class ptrs, g1 gc, windows-amd64)
GC Precious Log:
 CardTable entry size: 512
 Card Set container configuration: InlinePtr #cards 5 size 8 Array Of Cards #cards 12 size 40 Howl #buckets 4 coarsen threshold 1843 Howl Bitmap #cards 512 size 80 coarsen threshold 460 Card regions per heap region 1 cards per card region 2048
 CPUs: 4 total, 4 available
 Memory: 8062M
 Large Page Support: Disabled
 NUMA Support: Disabled
 Compressed Oops: Enabled (32-bit)
 Heap Region Size: 1M
 Heap Min Capacity: 8M
 Heap Initial Capacity: 126M
 Heap Max Capacity: 2016M
 Pre-touch: Disabled
 Parallel Workers: 4
 Concurrent Workers: 1
 Concurrent Refinement Workers: 4
 Periodic GC: Disabled
Heap:
 garbage-first heap   total 58368K, used 35456K [0x0000000082000000, 0x0000000100000000)
  region size 1024K, 13 young (13312K), 1 survivors (1024K)
 Metaspace       used 66679K, committed 67264K, reserved 1114112K
  class space    used 8662K, committed 8960K, reserved 1048576K
GC Heap History (20 events):
Event: 2.396 GC heap before
{Heap before GC invocations=7 (full 0):
 garbage-first heap   total 58368K, used 39829K [0x0000000082000000, 0x0000000100000000)
  region size 1024K, 27 young (27648K), 1 survivors (1024K)
 Metaspace       used 30602K, committed 31040K, reserved 1114112K
  class space    used 3675K, committed 3904K, reserved 1048576K
}
Event: 2.399 GC heap after
{Heap after GC invocations=8 (full 0):
 garbage-first heap   total 58368K, used 15860K [0x0000000082000000, 0x0000000100000000)
  region size 1024K, 3 young (3072K), 3 survivors (3072K)
 Metaspace       used 30602K, committed 31040K, reserved 1114112K
  class space    used 3675K, committed 3904K, reserved 1048576K
}
Event: 2.988 GC heap before
{Heap before GC invocations=8 (full 0):
 garbage-first heap   total 58368K, used 40436K [0x0000000082000000, 0x0000000100000000)
  region size 1024K, 28 young (28672K), 3 survivors (3072K)
 Metaspace       used 33260K, committed 33728K, reserved 1114112K
  class space    used 3990K, committed 4224K, reserved 1048576K
}
Event: 2.994 GC heap after
{Heap after GC invocations=9 (full 0):
 garbage-first heap   total 58368K, used 17192K [0x0000000082000000, 0x0000000100000000)
  region size 1024K, 2 young (2048K), 2 survivors (2048K)
 Metaspace       used 33260K, committed 33728K, reserved 1114112K
  class space    used 3990K, committed 4224K, reserved 1048576K
}
Event: 3.347 GC heap before
{Heap before GC invocations=9 (full 0):
 garbage-first heap   total 58368K, used 31528K [0x0000000082000000, 0x0000000100000000)
  region size 1024K, 17 young (17408K), 2 survivors (2048K)
 Metaspace       used 35449K, committed 35968K, reserved 1114112K
  class space    used 4294K, committed 4544K, reserved 1048576K
}
Event: 3.351 GC heap after
{Heap after GC invocations=10 (full 0):
 garbage-first heap   total 58368K, used 18266K [0x0000000082000000, 0x0000000100000000)
  region size 1024K, 3 young (3072K), 3 survivors (3072K)
 Metaspace       used 35449K, committed 35968K, reserved 1114112K
  class space    used 4294K, committed 4544K, reserved 1048576K
}
Event: 4.194 GC heap before
{Heap before GC invocations=11 (full 0):
 garbage-first heap   total 58368K, used 44890K [0x0000000082000000, 0x0000000100000000)
  region size 1024K, 29 young (29696K), 3 survivors (3072K)
 Metaspace       used 39812K, committed 40384K, reserved 1114112K
  class space    used 4919K, committed 5184K, reserved 1048576K
}
Event: 4.201 GC heap after
{Heap after GC invocations=12 (full 0):
 garbage-first heap   total 58368K, used 20399K [0x0000000082000000, 0x0000000100000000)
  region size 1024K, 4 young (4096K), 4 survivors (4096K)
 Metaspace       used 39812K, committed 40384K, reserved 1114112K
  class space    used 4919K, committed 5184K, reserved 1048576K
}
Event: 4.636 GC heap before
{Heap before GC invocations=12 (full 0):
 garbage-first heap   total 58368K, used 42927K [0x0000000082000000, 0x0000000100000000)
  region size 1024K, 27 young (27648K), 4 survivors (4096K)
 Metaspace       used 44915K, committed 45568K, reserved 1114112K
  class space    used 5717K, committed 6016K, reserved 1048576K
}
Event: 4.643 GC heap after
{Heap after GC invocations=13 (full 0):
 garbage-first heap   total 58368K, used 21153K [0x0000000082000000, 0x0000000100000000)
  region size 1024K, 3 young (3072K), 3 survivors (3072K)
 Metaspace       used 44915K, committed 45568K, reserved 1114112K
  class space    used 5717K, committed 6016K, reserved 1048576K
}
Event: 5.820 GC heap before
{Heap before GC invocations=13 (full 0):
 garbage-first heap   total 58368K, used 44705K [0x0000000082000000, 0x0000000100000000)
  region size 1024K, 27 young (27648K), 3 survivors (3072K)
 Metaspace       used 53079K, committed 53632K, reserved 1114112K
  class space    used 6690K, committed 6912K, reserved 1048576K
}
Event: 5.829 GC heap after
{Heap after GC invocations=14 (full 0):
 garbage-first heap   total 58368K, used 23091K [0x0000000082000000, 0x0000000100000000)
  region size 1024K, 3 young (3072K), 3 survivors (3072K)
 Metaspace       used 53079K, committed 53632K, reserved 1114112K
  class space    used 6690K, committed 6912K, reserved 1048576K
}
Event: 6.500 GC heap before
{Heap before GC invocations=14 (full 0):
 garbage-first heap   total 58368K, used 44595K [0x0000000082000000, 0x0000000100000000)
  region size 1024K, 25 young (25600K), 3 survivors (3072K)
 Metaspace       used 57301K, committed 57920K, reserved 1114112K
  class space    used 7202K, committed 7488K, reserved 1048576K
}
Event: 6.506 GC heap after
{Heap after GC invocations=15 (full 0):
 garbage-first heap   total 58368K, used 24532K [0x0000000082000000, 0x0000000100000000)
  region size 1024K, 4 young (4096K), 4 survivors (4096K)
 Metaspace       used 57301K, committed 57920K, reserved 1114112K
  class space    used 7202K, committed 7488K, reserved 1048576K
}
Event: 6.637 GC heap before
{Heap before GC invocations=15 (full 0):
 garbage-first heap   total 58368K, used 29652K [0x0000000082000000, 0x0000000100000000)
  region size 1024K, 11 young (11264K), 4 survivors (4096K)
 Metaspace       used 59535K, committed 60160K, reserved 1114112K
  class space    used 7541K, committed 7872K, reserved 1048576K
}
Event: 6.641 GC heap after
{Heap after GC invocations=16 (full 0):
 garbage-first heap   total 58368K, used 24915K [0x0000000082000000, 0x0000000100000000)
  region size 1024K, 2 young (2048K), 2 survivors (2048K)
 Metaspace       used 59535K, committed 60160K, reserved 1114112K
  class space    used 7541K, committed 7872K, reserved 1048576K
}
Event: 7.047 GC heap before
{Heap before GC invocations=17 (full 0):
 garbage-first heap   total 58368K, used 45395K [0x0000000082000000, 0x0000000100000000)
  region size 1024K, 23 young (23552K), 2 survivors (2048K)
 Metaspace       used 64140K, committed 64832K, reserved 1114112K
  class space    used 8320K, committed 8640K, reserved 1048576K
}
Event: 7.051 GC heap after
{Heap after GC invocations=18 (full 0):
 garbage-first heap   total 58368K, used 25080K [0x0000000082000000, 0x0000000100000000)
  region size 1024K, 2 young (2048K), 2 survivors (2048K)
 Metaspace       used 64140K, committed 64832K, reserved 1114112K
  class space    used 8320K, committed 8640K, reserved 1048576K
}
Event: 7.068 GC heap before
{Heap before GC invocations=18 (full 0):
 garbage-first heap   total 58368K, used 26104K [0x0000000082000000, 0x0000000100000000)
  region size 1024K, 3 young (3072K), 2 survivors (2048K)
 Metaspace       used 64353K, committed 64960K, reserved 1114112K
  class space    used 8352K, committed 8640K, reserved 1048576K
}
Event: 7.072 GC heap after
{Heap after GC invocations=19 (full 0):
 garbage-first heap   total 58368K, used 25216K [0x0000000082000000, 0x0000000100000000)
  region size 1024K, 1 young (1024K), 1 survivors (1024K)
 Metaspace       used 64353K, committed 64960K, reserved 1114112K
  class space    used 8352K, committed 8640K, reserved 1048576K
}

